Vivado Simulator 2016.4
Copyright 1986-1999, 2001-2016 Xilinx, Inc. All Rights Reserved.
Running: C:/Xilinx/Vivado/2016.4/bin/unwrapped/win64.o/xelab.exe -wto 1d50d889437c4c229141eb111a52a144 --debug typical --relax --mt 2 -L xil_defaultlib -L secureip --snapshot testare_behav xil_defaultlib.testare -log elaborate.log 
Using 2 slave threads.
Starting static elaboration
Completed static elaboration
Starting simulation data flow analysis
Completed simulation data flow analysis
Time Resolution for simulation is 1ps
Compiling package std.standard
Compiling package std.textio
Compiling package ieee.std_logic_1164
Compiling package ieee.std_logic_arith
Compiling package ieee.std_logic_unsigned
Compiling package ieee.numeric_std
Compiling architecture behavioral of entity xil_defaultlib.fullAdder [fulladder_default]
Compiling architecture behav of entity xil_defaultlib.Adder [adder_default]
Compiling architecture twocompl of entity xil_defaultlib.c2 [c2_default]
Compiling architecture behavioral of entity xil_defaultlib.scadere [scadere_default]
Compiling architecture behavioral of entity xil_defaultlib.countUp [countup_default]
Compiling architecture behavioral of entity xil_defaultlib.countDown [countdown_default]
Compiling architecture behavioral of entity xil_defaultlib.shRight [shright_default]
Compiling architecture behavioral of entity xil_defaultlib.shLeft [shleft_default]
Compiling architecture behavioral of entity xil_defaultlib.muxSelectie [muxselectie_default]
Compiling architecture behavioral of entity xil_defaultlib.testare
Built simulation snapshot testare_behav
